
> @juggle-data-view/editor@0.1.0 start /home/ashes/open-source/auto-dv/core
> node scripts/start.js

{
  '@components': '/home/ashes/open-source/auto-dv/core/src/components',
  '@page': '/home/ashes/open-source/auto-dv/core/src/page',
  '@configurableComponents': '/home/ashes/open-source/auto-dv/core/src/configurableComponents',
  '@store': '/home/ashes/open-source/auto-dv/core/src/store',
  '@service': '/home/ashes/open-source/auto-dv/core/src/service',
  '@helpers': '/home/ashes/open-source/auto-dv/core/src/helpers',
  '@utils': '/home/ashes/open-source/auto-dv/core/src/utils',
  '@assets': '/home/ashes/open-source/auto-dv/core/src/assets'
}
{
  '@forms': '/home/ashes/open-source/auto-dv/common/recursion/src/forms'
}
Starting the development server...

Compiled with warnings.

Module not found: Error: Can't resolve '@components/comps' in '/home/ashes/open-source/auto-dv/core/src/helpers'

Module not found: Error: Can't resolve '@components/comps' in '/home/ashes/open-source/auto-dv/core/src/helpers'

src/page/canvas/Comp.tsx
  Line 17:6:  React Hook useMemo has an unnecessary dependency: 'compCode'. Either exclude it or remove the dependency array  react-hooks/exhaustive-deps

Search for the keywords to learn more about each warning.
To ignore, add // eslint-disable-next-line to the line before.

assets by path static/js/*.js 19.7 MiB
  assets by chunk 13.9 MiB (id hint: vendors)
    asset static/js/vendors-common_codeEditor_node_modules_pnpm_mui_icons-material_5_11_0_q2xbhzmvmqgan5d7ygs6qjf-1cef8f.chunk.js 11.7 MiB [emitted] (id hint: vendors) 1 related asset
    asset static/js/vendors-common_notice_node_modules_pnpm_mui_material_5_11_1_ib3m5ricvtkl2cll7qpr2f6lvq_node_m-b58434.chunk.js 2.21 MiB [emitted] (id hint: vendors) 1 related asset
  asset static/js/bundle.js 4.81 MiB [emitted] (name: main) 1 related asset
  asset static/js/src_page_editor_index_tsx.chunk.js 877 KiB [emitted] 1 related asset
  asset static/js/src_page_canvas_Canvas_tsx.chunk.js 117 KiB [emitted] 1 related asset
  asset static/js/src_page_view_tsx.chunk.js 5.49 KiB [emitted] 1 related asset
  asset static/js/src_page_Authoriz_tsx.chunk.js 3.56 KiB [emitted] 1 related asset
  asset static/js/src_page_404_tsx.chunk.js 3.5 KiB [emitted] 1 related asset
asset static/media/index.a9c5deddbabb4df8aa3a.cjs 4.67 KiB [emitted] [immutable] [from: ../common/codeEditor/node_modules/.pnpm/codemirror@6.0.1/node_modules/codemirror/dist/index.cjs] (auxiliary id hint: vendors)
asset asset-manifest.json 2.14 KiB [emitted]
asset index.html 983 bytes [emitted]
orphan modules 12.4 MiB [orphan] 13549 modules
runtime modules 31.8 KiB 16 modules
cacheable modules 14.9 MiB (javascript) 4.67 KiB (asset)
  modules by path ./ 7.08 MiB
    modules by path ./node_modules/.pnpm/ 6.46 MiB
      javascript modules 6.46 MiB 1588 modules
      json modules 3.12 KiB 2 modules
    modules by path ./src/ 630 KiB 139 modules
  modules by path ../common/ 7.78 MiB (javascript) 4.67 KiB (asset)
    modules by path ../common/recursion/ 3.87 MiB 914 modules
    modules by path ../common/codeEditor/ 1.86 MiB (javascript) 4.67 KiB (asset) 256 modules
    modules by path ../common/notice/ 1.62 MiB 148 modules
    modules by path ../common/theme/ 443 KiB 94 modules
  crypto (ignored) 15 bytes [optional] [built] [code generated]

WARNING in ./src/helpers/asyncLoad.ts 16:22-78
Module not found: Error: Can't resolve '@components/comps' in '/home/ashes/open-source/auto-dv/core/src/helpers'
 @ ./src/components/base/BaseActions.tsx 10:0-57 101:14-33
 @ ./src/page/editor/index.tsx 24:0-61 89:20-33
 @ ./src/index.tsx 29:47-69

WARNING in ./src/helpers/asyncLoad.ts 49:14-61
Module not found: Error: Can't resolve '@components/comps' in '/home/ashes/open-source/auto-dv/core/src/helpers'
 @ ./src/components/base/BaseActions.tsx 10:0-57 101:14-33
 @ ./src/page/editor/index.tsx 24:0-61 89:20-33
 @ ./src/index.tsx 29:47-69

WARNING in src/page/canvas/Comp.tsx
  Line 17:6:  React Hook useMemo has an unnecessary dependency: 'compCode'. Either exclude it or remove the dependency array  react-hooks/exhaustive-deps

webpack 5.72.0 compiled with 3 warnings in 28742 ms
No issues found.
